<?xml version="1.0" encoding="UTF-8"?>
<!-- Generated by org.testng.reporters.JUnitReportReporter -->
<testsuite hostname="Keerthana" failures="0" tests="1" name="test.day2" time="0.005" errors="0" timestamp="2025-08-10T18:26:15 IST" skipped="0">
  <testcase classname="test.day2" name="ploan" time="0.005"/>
  <system-out/>
</testsuite> <!-- test.day2 -->
