<?xml version="1.0" encoding="UTF-8"?>
<!-- Generated by org.testng.reporters.JUnitReportReporter -->
<testsuite hostname="Keerthana" failures="0" tests="6" name="test.day3" time="0.037" errors="0" timestamp="2025-08-10T18:26:15 IST" skipped="1">
  <testcase classname="test.day3" name="MobilesignOutCarLoan" time="0.001"/>
  <system-out/>
  <testcase classname="test.day3" name="WebloginCarLoan" time="0.004"/>
  <system-out/>
  <testcase classname="test.day3" name="MobileloginCarLoan" time="0.010"/>
  <system-out/>
  <testcase classname="test.day3" name="MobilesignOutCarLoan" time="0.017"/>
  <system-out/>
  <testcase classname="test.day3" name="MobilesignOutCarLoan" time="0.005"/>
  <system-out/>
  <testcase classname="test.day3" name="MobilesignInCarLoan">
    <skipped/>
  </testcase> <!-- MobilesignInCarLoan -->
  <system-out/>
</testsuite> <!-- test.day3 -->
