<?xml version="1.0" encoding="UTF-8"?>
<!-- Generated by org.testng.reporters.JUnitReportReporter -->
<testsuite hostname="Keerthana" failures="0" tests="3" name="test.day4" time="0.013" errors="0" timestamp="2025-08-10T18:26:15 IST" skipped="0">
  <testcase classname="test.day4" name="MobileloginHomeLoan" time="0.006"/>
  <system-out/>
  <testcase classname="test.day4" name="WebloginHomeLoan" time="0.004"/>
  <system-out/>
  <testcase classname="test.day4" name="LoginAPIHomeLoan" time="0.003"/>
  <system-out/>
</testsuite> <!-- test.day4 -->
